[debug] [2023-07-29T07:21:04.101Z] ----------------------------------------------------------------------
[debug] [2023-07-29T07:21:04.108Z] Command:       C:\Program Files\nodejs\node.exe C:\Program Files\nodejs\node_modules\firebase-tools\lib\bin\firebase.js init
[debug] [2023-07-29T07:21:04.109Z] CLI Version:   11.25.3
[debug] [2023-07-29T07:21:04.110Z] Platform:      win32
[debug] [2023-07-29T07:21:04.110Z] Node Version:  v16.15.1
[debug] [2023-07-29T07:21:04.126Z] Time:          Sat Jul 29 2023 12:51:04 GMT+0530 (India Standard Time)
[debug] [2023-07-29T07:21:04.127Z] ----------------------------------------------------------------------
[debug] 
[debug] [2023-07-29T07:21:04.167Z] >>> [apiv2][query] GET https://firebase-public.firebaseio.com/cli.json [none]
[debug] [2023-07-29T07:21:04.251Z] > command requires scopes: ["email","openid","https://www.googleapis.com/auth/cloudplatformprojects.readonly","https://www.googleapis.com/auth/firebase","https://www.googleapis.com/auth/cloud-platform"]
[debug] [2023-07-29T07:21:04.254Z] > authorizing via signed-in user (shivamsingh.development@gmail.com)
[info] 
     ######## #### ########  ######## ########     ###     ######  ########
     ##        ##  ##     ## ##       ##     ##  ##   ##  ##       ##
     ######    ##  ########  ######   ########  #########  ######  ######
     ##        ##  ##    ##  ##       ##     ## ##     ##       ## ##
     ##       #### ##     ## ######## ########  ##     ##  ######  ########

You're about to initialize a Firebase project in this directory:

  C:\Users\shiva\OneDrive\Desktop\aura-health-task

[debug] [2023-07-29T07:21:05.162Z] <<< [apiv2][status] GET https://firebase-public.firebaseio.com/cli.json 200
[debug] [2023-07-29T07:21:05.163Z] <<< [apiv2][body] GET https://firebase-public.firebaseio.com/cli.json {"cloudBuildErrorAfter":1594252800000,"cloudBuildWarnAfter":1590019200000,"defaultNode10After":1594252800000,"minVersion":"3.0.5","node8DeploysDisabledAfter":1613390400000,"node8RuntimeDisabledAfter":1615809600000,"node8WarnAfter":1600128000000}
[info] 
=== Project Setup
[info] 
[info] First, let's associate this project directory with a Firebase project.
[info] You can create multiple project aliases by running firebase use --add, 
[info] but for now we'll just set up a default project.
[info] 
[info] i  If you want to create a project in a Google Cloud organization or folder, please use "firebase projects:create" instead, and return to this command when you've created the project. 
[debug] [2023-07-29T07:23:07.853Z] > refreshing access token with scopes: []
[debug] [2023-07-29T07:23:07.855Z] >>> [apiv2][query] POST https://www.googleapis.com/oauth2/v3/token [none]
[debug] [2023-07-29T07:23:07.856Z] >>> [apiv2][body] POST https://www.googleapis.com/oauth2/v3/token [omitted]
[debug] [2023-07-29T07:23:08.140Z] <<< [apiv2][status] POST https://www.googleapis.com/oauth2/v3/token 200
[debug] [2023-07-29T07:23:08.140Z] <<< [apiv2][body] POST https://www.googleapis.com/oauth2/v3/token [omitted]
[debug] [2023-07-29T07:23:08.203Z] >>> [apiv2][query] POST https://cloudresourcemanager.googleapis.com/v1/projects [none]
[debug] [2023-07-29T07:23:08.203Z] >>> [apiv2][body] POST https://cloudresourcemanager.googleapis.com/v1/projects {"projectId":"aura-health-task","name":"aura-health-task"}
[debug] [2023-07-29T07:23:10.283Z] <<< [apiv2][status] POST https://cloudresourcemanager.googleapis.com/v1/projects 200
[debug] [2023-07-29T07:23:10.284Z] <<< [apiv2][body] POST https://cloudresourcemanager.googleapis.com/v1/projects {"name":"operations/cp.7017396490856524226"}
[debug] [2023-07-29T07:23:10.291Z] >>> [apiv2][query] GET https://cloudresourcemanager.googleapis.com/v1/operations/cp.7017396490856524226 [none]
[debug] [2023-07-29T07:23:12.025Z] <<< [apiv2][status] GET https://cloudresourcemanager.googleapis.com/v1/operations/cp.7017396490856524226 200
[debug] [2023-07-29T07:23:12.025Z] <<< [apiv2][body] GET https://cloudresourcemanager.googleapis.com/v1/operations/cp.7017396490856524226 {"name":"operations/cp.7017396490856524226"}
[debug] [2023-07-29T07:23:12.527Z] [Project Creation Poller] Retrying task index 0
[debug] [2023-07-29T07:23:12.529Z] >>> [apiv2][query] GET https://cloudresourcemanager.googleapis.com/v1/operations/cp.7017396490856524226 [none]
[debug] [2023-07-29T07:23:14.247Z] <<< [apiv2][status] GET https://cloudresourcemanager.googleapis.com/v1/operations/cp.7017396490856524226 200
[debug] [2023-07-29T07:23:14.248Z] <<< [apiv2][body] GET https://cloudresourcemanager.googleapis.com/v1/operations/cp.7017396490856524226 {"name":"operations/cp.7017396490856524226","metadata":{"@type":"type.googleapis.com/google.cloudresourcemanager.v1.ProjectCreationStatus","gettable":true,"ready":true},"done":true,"response":{"@type":"type.googleapis.com/google.cloudresourcemanager.v1.Project","projectNumber":"799537335943","projectId":"aura-health-task","lifecycleState":"ACTIVE","name":"aura-health-task","createTime":"2023-07-29T07:23:11.809Z"}}
[debug] [2023-07-29T07:23:14.254Z] >>> [apiv2][query] POST https://firebase.googleapis.com/v1beta1/projects/aura-health-task:addFirebase [none]
[debug] [2023-07-29T07:23:18.184Z] <<< [apiv2][status] POST https://firebase.googleapis.com/v1beta1/projects/aura-health-task:addFirebase 200
[debug] [2023-07-29T07:23:18.185Z] <<< [apiv2][body] POST https://firebase.googleapis.com/v1beta1/projects/aura-health-task:addFirebase {"name":"operations/workflows/YmViZDFmNDItOWU4Yy00MDMxLWE2NzgtMjM4ZGUyZDhkYTc5"}
[debug] [2023-07-29T07:23:18.186Z] >>> [apiv2][query] GET https://firebase.googleapis.com/v1beta1/operations/workflows/YmViZDFmNDItOWU4Yy00MDMxLWE2NzgtMjM4ZGUyZDhkYTc5 [none]
[debug] [2023-07-29T07:23:19.395Z] <<< [apiv2][status] GET https://firebase.googleapis.com/v1beta1/operations/workflows/YmViZDFmNDItOWU4Yy00MDMxLWE2NzgtMjM4ZGUyZDhkYTc5 200
[debug] [2023-07-29T07:23:19.395Z] <<< [apiv2][body] GET https://firebase.googleapis.com/v1beta1/operations/workflows/YmViZDFmNDItOWU4Yy00MDMxLWE2NzgtMjM4ZGUyZDhkYTc5 {"name":"operations/workflows/YmViZDFmNDItOWU4Yy00MDMxLWE2NzgtMjM4ZGUyZDhkYTc5"}
[debug] [2023-07-29T07:23:19.907Z] [Add Firebase Poller] Retrying task index 0
[debug] [2023-07-29T07:23:19.909Z] >>> [apiv2][query] GET https://firebase.googleapis.com/v1beta1/operations/workflows/YmViZDFmNDItOWU4Yy00MDMxLWE2NzgtMjM4ZGUyZDhkYTc5 [none]
[debug] [2023-07-29T07:23:21.029Z] <<< [apiv2][status] GET https://firebase.googleapis.com/v1beta1/operations/workflows/YmViZDFmNDItOWU4Yy00MDMxLWE2NzgtMjM4ZGUyZDhkYTc5 200
[debug] [2023-07-29T07:23:21.029Z] <<< [apiv2][body] GET https://firebase.googleapis.com/v1beta1/operations/workflows/YmViZDFmNDItOWU4Yy00MDMxLWE2NzgtMjM4ZGUyZDhkYTc5 {"name":"operations/workflows/YmViZDFmNDItOWU4Yy00MDMxLWE2NzgtMjM4ZGUyZDhkYTc5"}
[debug] [2023-07-29T07:23:22.032Z] [Add Firebase Poller] Retrying task index 0
[debug] [2023-07-29T07:23:22.036Z] >>> [apiv2][query] GET https://firebase.googleapis.com/v1beta1/operations/workflows/YmViZDFmNDItOWU4Yy00MDMxLWE2NzgtMjM4ZGUyZDhkYTc5 [none]
[debug] [2023-07-29T07:23:23.388Z] <<< [apiv2][status] GET https://firebase.googleapis.com/v1beta1/operations/workflows/YmViZDFmNDItOWU4Yy00MDMxLWE2NzgtMjM4ZGUyZDhkYTc5 200
[debug] [2023-07-29T07:23:23.389Z] <<< [apiv2][body] GET https://firebase.googleapis.com/v1beta1/operations/workflows/YmViZDFmNDItOWU4Yy00MDMxLWE2NzgtMjM4ZGUyZDhkYTc5 {"name":"operations/workflows/YmViZDFmNDItOWU4Yy00MDMxLWE2NzgtMjM4ZGUyZDhkYTc5"}
[debug] [2023-07-29T07:23:25.399Z] [Add Firebase Poller] Retrying task index 0
[debug] [2023-07-29T07:23:25.401Z] >>> [apiv2][query] GET https://firebase.googleapis.com/v1beta1/operations/workflows/YmViZDFmNDItOWU4Yy00MDMxLWE2NzgtMjM4ZGUyZDhkYTc5 [none]
[debug] [2023-07-29T07:23:26.251Z] <<< [apiv2][status] GET https://firebase.googleapis.com/v1beta1/operations/workflows/YmViZDFmNDItOWU4Yy00MDMxLWE2NzgtMjM4ZGUyZDhkYTc5 200
[debug] [2023-07-29T07:23:26.251Z] <<< [apiv2][body] GET https://firebase.googleapis.com/v1beta1/operations/workflows/YmViZDFmNDItOWU4Yy00MDMxLWE2NzgtMjM4ZGUyZDhkYTc5 {"name":"operations/workflows/YmViZDFmNDItOWU4Yy00MDMxLWE2NzgtMjM4ZGUyZDhkYTc5"}
[debug] [2023-07-29T07:23:30.263Z] [Add Firebase Poller] Retrying task index 0
[debug] [2023-07-29T07:23:30.265Z] >>> [apiv2][query] GET https://firebase.googleapis.com/v1beta1/operations/workflows/YmViZDFmNDItOWU4Yy00MDMxLWE2NzgtMjM4ZGUyZDhkYTc5 [none]
[debug] [2023-07-29T07:23:31.784Z] <<< [apiv2][status] GET https://firebase.googleapis.com/v1beta1/operations/workflows/YmViZDFmNDItOWU4Yy00MDMxLWE2NzgtMjM4ZGUyZDhkYTc5 200
[debug] [2023-07-29T07:23:31.784Z] <<< [apiv2][body] GET https://firebase.googleapis.com/v1beta1/operations/workflows/YmViZDFmNDItOWU4Yy00MDMxLWE2NzgtMjM4ZGUyZDhkYTc5 {"name":"operations/workflows/YmViZDFmNDItOWU4Yy00MDMxLWE2NzgtMjM4ZGUyZDhkYTc5"}
[debug] [2023-07-29T07:23:39.791Z] [Add Firebase Poller] Retrying task index 0
[debug] [2023-07-29T07:23:39.793Z] >>> [apiv2][query] GET https://firebase.googleapis.com/v1beta1/operations/workflows/YmViZDFmNDItOWU4Yy00MDMxLWE2NzgtMjM4ZGUyZDhkYTc5 [none]
[debug] [2023-07-29T07:23:40.591Z] <<< [apiv2][status] GET https://firebase.googleapis.com/v1beta1/operations/workflows/YmViZDFmNDItOWU4Yy00MDMxLWE2NzgtMjM4ZGUyZDhkYTc5 200
[debug] [2023-07-29T07:23:40.592Z] <<< [apiv2][body] GET https://firebase.googleapis.com/v1beta1/operations/workflows/YmViZDFmNDItOWU4Yy00MDMxLWE2NzgtMjM4ZGUyZDhkYTc5 {"name":"operations/workflows/YmViZDFmNDItOWU4Yy00MDMxLWE2NzgtMjM4ZGUyZDhkYTc5","done":true,"response":{"@type":"type.googleapis.com/google.firebase.service.v1beta1.FirebaseProject","projectId":"aura-health-task","projectNumber":"799537335943","displayName":"aura-health-task","name":"projects/aura-health-task","resources":{"hostingSite":"aura-health-task"}}}
[info] 
[info] === Your Firebase project is ready! ===
[info] 
[info] Project information:
[info]    - Project ID: aura-health-task
[info]    - Project Name: aura-health-task
[info] 
[info] Firebase console is available at
[info] https://console.firebase.google.com/project/aura-health-task/overview
[info] i  Using project aura-health-task (aura-health-task) 
[info] 
=== Hosting Setup
[info] 
[info] Your public directory is the folder (relative to your project directory) that
[info] will contain Hosting assets to be uploaded with firebase deploy. If you
[info] have a build process for your assets, use your build's output directory.
[info] 
